17:19:18 **** Rebuild of configuration Debug for project Question1.cpp ****
Info: Internal Builder is used for build
g++ -O0 -g3 -Wall -c -fmessage-length=0 -o "src\\Question1.o" "..\\src\\Question1.cpp" 
..\src\Question1.cpp: In function 'int main()':
..\src\Question1.cpp:90:22: error: 'void Student::setName(std::__cxx11::string)' is private within this context
        s.setName(name);
                      ^
..\src\Question1.cpp:21:7: note: declared private here
  void setName(string Studentname){
       ^~~~~~~
..\src\Question1.cpp:93:34: error: 'void Student::setRollNumber(int)' is private within this context
        s.setRollNumber(rollNumber);
                                  ^
..\src\Question1.cpp:29:7: note: declared private here
  void setRollNumber (int Number){
       ^~~~~~~~~~~~~
..\src\Question1.cpp:96:24: error: 'void Student::setMarks(int)' is private within this context
        s.setMarks(Marks);
                        ^
..\src\Question1.cpp:36:8: note: declared private here
  void  setMarks(int Studentmarks){
        ^~~~~~~~
..\src\Question1.cpp:99:24: error: 'void Student::setGrade(char)' is private within this context
        s.setGrade(Grade);
                        ^
..\src\Question1.cpp:46:7: note: declared private here
  void setGrade(char StudentGrade){
       ^~~~~~~~
..\src\Question1.cpp:104:18: error: 'std::__cxx11::string Student::getName() const' is private within this context
        s.getName();
                  ^
..\src\Question1.cpp:17:9: note: declared private here
  string getName()const{
         ^~~~~~~
..\src\Question1.cpp:105:24: error: 'int Student::getRollNumber() const' is private within this context
        s.getRollNumber();
                        ^
..\src\Question1.cpp:25:6: note: declared private here
  int getRollNumber()const{
      ^~~~~~~~~~~~~
..\src\Question1.cpp:106:19: error: 'int Student::getMarks() const' is private within this context
        s.getMarks();
                   ^
..\src\Question1.cpp:42:6: note: declared private here
  int getMarks()const{
      ^~~~~~~~
..\src\Question1.cpp:107:19: error: 'int Student::getGrade() const' is private within this context
        s.getGrade();
                   ^
..\src\Question1.cpp:50:6: note: declared private here
  int getGrade() const{
      ^~~~~~~~
..\src\Question1.cpp:114:30: error: 'char Student::calculateGrade(float)' is private within this context
        s.calculateGrade(marks);
                              ^
..\src\Question1.cpp:54:7: note: declared private here
  char calculateGrade(float marks){
       ^~~~~~~~~~~~~~
17:20:24 **** Incremental Build of configuration Debug for project Question1.cpp ****
Info: Internal Builder is used for build
g++ -O0 -g3 -Wall -c -fmessage-length=0 -o "src\\Question1.o" "..\\src\\Question1.cpp" 
g++ -o Question1.cpp.exe "src\\Question1.o" 
17:25:08 **** Incremental Build of configuration Debug for project Question1.cpp ****
Info: Internal Builder is used for build
g++ -O0 -g3 -Wall -c -fmessage-length=0 -o "src\\Question1.o" "..\\src\\Question1.cpp" 
g++ -o Question1.cpp.exe "src\\Question1.o" 
Info: Nothing to build for Question1.cpp
17:26:19 **** Incremental Build of configuration Debug for project Question1.cpp ****
Info: Internal Builder is used for build
g++ -O0 -g3 -Wall -c -fmessage-length=0 -o "src\\Question1.o" "..\\src\\Question1.cpp" 
g++ -o Question1.cpp.exe "src\\Question1.o" 
Info: Nothing to build for Question1.cpp
17:32:53 **** Incremental Build of configuration Debug for project Question1.cpp ****
Info: Internal Builder is used for build
g++ -O0 -g3 -Wall -c -fmessage-length=0 -o "src\\Question1.o" "..\\src\\Question1.cpp" 
g++ -o Question1.cpp.exe "src\\Question1.o" 
Info: Nothing to build for Question1.cpp
17:33:20 **** Incremental Build of configuration Debug for project Question1.cpp ****
Info: Internal Builder is used for build
g++ -O0 -g3 -Wall -c -fmessage-length=0 -o "src\\Question1.o" "..\\src\\Question1.cpp" 
g++ -o Question1.cpp.exe "src\\Question1.o" 
c:/mingw/bin/../lib/gcc/mingw32/6.3.0/../../../../mingw32/bin/ld.exe: cannot open output file Question1.cpp.exe: Permission denied
collect2.exe: error: ld returned 1 exit status
17:33:22 **** Incremental Build of configuration Debug for project Question1.cpp ****
Info: Internal Builder is used for build
g++ -o Question1.cpp.exe "src\\Question1.o" 
c:/mingw/bin/../lib/gcc/mingw32/6.3.0/../../../../mingw32/bin/ld.exe: cannot open output file Question1.cpp.exe: Permission denied
collect2.exe: error: ld returned 1 exit status
17:33:52 **** Incremental Build of configuration Debug for project Question1.cpp ****
Info: Internal Builder is used for build
g++ -O0 -g3 -Wall -c -fmessage-length=0 -o "src\\Question1.o" "..\\src\\Question1.cpp" 
g++ -o Question1.cpp.exe "src\\Question1.o" 
c:/mingw/bin/../lib/gcc/mingw32/6.3.0/../../../../mingw32/bin/ld.exe: cannot open output file Question1.cpp.exe: Permission denied
collect2.exe: error: ld returned 1 exit status
17:34:31 **** Incremental Build of configuration Debug for project Question1.cpp ****
Info: Internal Builder is used for build
g++ -O0 -g3 -Wall -c -fmessage-length=0 -o "src\\Question1.o" "..\\src\\Question1.cpp" 
g++ -o Question1.cpp.exe "src\\Question1.o" 
c:/mingw/bin/../lib/gcc/mingw32/6.3.0/../../../../mingw32/bin/ld.exe: cannot open output file Question1.cpp.exe: Permission denied
collect2.exe: error: ld returned 1 exit status
17:37:06 **** Incremental Build of configuration Debug for project Question1.cpp ****
Info: Internal Builder is used for build
g++ -O0 -g3 -Wall -c -fmessage-length=0 -o "src\\Question1.o" "..\\src\\Question1.cpp" 
g++ -o Question1.cpp.exe "src\\Question1.o" 
c:/mingw/bin/../lib/gcc/mingw32/6.3.0/../../../../mingw32/bin/ld.exe: cannot open output file Question1.cpp.exe: Permission denied
collect2.exe: error: ld returned 1 exit status
17:38:40 **** Incremental Build of configuration Debug for project Question1.cpp ****
Info: Internal Builder is used for build
g++ -o Question1.cpp.exe "src\\Question1.o" 
c:/mingw/bin/../lib/gcc/mingw32/6.3.0/../../../../mingw32/bin/ld.exe: cannot open output file Question1.cpp.exe: Permission denied
collect2.exe: error: ld returned 1 exit status
17:38:43 **** Incremental Build of configuration Debug for project Question1.cpp ****
Info: Internal Builder is used for build
g++ -o Question1.cpp.exe "src\\Question1.o" 
c:/mingw/bin/../lib/gcc/mingw32/6.3.0/../../../../mingw32/bin/ld.exe: cannot open output file Question1.cpp.exe: Permission denied
collect2.exe: error: ld returned 1 exit status
17:40:33 **** Incremental Build of configuration Debug for project Question1.cpp ****
Info: Internal Builder is used for build
g++ -o Question1.cpp.exe "src\\Question1.o" 
c:/mingw/bin/../lib/gcc/mingw32/6.3.0/../../../../mingw32/bin/ld.exe: cannot open output file Question1.cpp.exe: Permission denied
collect2.exe: error: ld returned 1 exit status
17:42:24 **** Incremental Build of configuration Debug for project Question1.cpp ****
Info: Internal Builder is used for build
g++ -o Question1.cpp.exe "src\\Question1.o" 
17:46:08 **** Rebuild of configuration Debug for project Question2 ****
Info: Internal Builder is used for build
g++ -O0 -g3 -Wall -c -fmessage-length=0 -o "src\\Question2.o" "..\\src\\Question2.cpp" 
g++ -o Question2.exe "src\\Question2.o" 
18:26:55 **** Incremental Build of configuration Debug for project Question2 ****
Info: Internal Builder is used for build
g++ -O0 -g3 -Wall -c -fmessage-length=0 -o "src\\Question2.o" "..\\src\\Question2.cpp" 
..\src\Question2.cpp: In member function 'int BankAccount::getaccountHolderName() const':
..\src\Question2.cpp:31:9: error: cannot convert 'const string {aka const std::__cxx11::basic_string<char>}' to 'int' in return
  return accountHolderName;
         ^~~~~~~~~~~~~~~~~
..\src\Question2.cpp: In function 'int main()':
..\src\Question2.cpp:95:4: error: expected ';' before 'break'
    break;
    ^~~~~
18:27:28 **** Incremental Build of configuration Debug for project Question2 ****
Info: Internal Builder is used for build
g++ -O0 -g3 -Wall -c -fmessage-length=0 -o "src\\Question2.o" "..\\src\\Question2.cpp" 
..\src\Question2.cpp: In function 'int main()':
..\src\Question2.cpp:95:4: error: expected ';' before 'break'
    break;
    ^~~~~
18:27:40 **** Incremental Build of configuration Debug for project Question2 ****
Info: Internal Builder is used for build
g++ -O0 -g3 -Wall -c -fmessage-length=0 -o "src\\Question2.o" "..\\src\\Question2.cpp" 
..\src\Question2.cpp: In function 'int main()':
..\src\Question2.cpp:70:3: warning: 'choice' may be used uninitialized in this function [-Wmaybe-uninitialized]
   switch(choice){
   ^~~~~~
g++ -o Question2.exe "src\\Question2.o" 
18:28:16 **** Incremental Build of configuration Debug for project Question2 ****
Info: Internal Builder is used for build
g++ -O0 -g3 -Wall -c -fmessage-length=0 -o "src\\Question2.o" "..\\src\\Question2.cpp" 
g++ -o Question2.exe "src\\Question2.o" 
18:51:24 **** Incremental Build of configuration Debug for project Question2 ****
Info: Internal Builder is used for build
g++ -O0 -g3 -Wall -c -fmessage-length=0 -o "src\\Question2.o" "..\\src\\Question2.cpp" 
g++ -o Question2.exe "src\\Question2.o" 
Info: Nothing to build for Question2
Info: Nothing to build for Question2
18:52:53 **** Incremental Build of configuration Debug for project Question2 ****
Info: Internal Builder is used for build
g++ -O0 -g3 -Wall -c -fmessage-length=0 -o "src\\Question2.o" "..\\src\\Question2.cpp" 
g++ -o Question2.exe "src\\Question2.o" 
c:/mingw/bin/../lib/gcc/mingw32/6.3.0/../../../../mingw32/bin/ld.exe: cannot open output file Question2.exe: Permission denied
collect2.exe: error: ld returned 1 exit status
18:53:12 **** Incremental Build of configuration Debug for project Question2 ****
Info: Internal Builder is used for build
g++ -o Question2.exe "src\\Question2.o" 
Info: Nothing to build for Question2
18:54:00 **** Incremental Build of configuration Debug for project Question2 ****
Info: Internal Builder is used for build
g++ -O0 -g3 -Wall -c -fmessage-length=0 -o "src\\Question2.o" "..\\src\\Question2.cpp" 
g++ -o Question2.exe "src\\Question2.o" 
c:/mingw/bin/../lib/gcc/mingw32/6.3.0/../../../../mingw32/bin/ld.exe: cannot open output file Question2.exe: Permission denied
collect2.exe: error: ld returned 1 exit status
18:54:30 **** Incremental Build of configuration Debug for project Question2 ****
Info: Internal Builder is used for build
g++ -o Question2.exe "src\\Question2.o" 
Info: Nothing to build for Question2
18:55:19 **** Incremental Build of configuration Debug for project Question2 ****
Info: Internal Builder is used for build
g++ -O0 -g3 -Wall -c -fmessage-length=0 -o "src\\Question2.o" "..\\src\\Question2.cpp" 
g++ -o Question2.exe "src\\Question2.o" 
Info: Nothing to build for Question2
18:56:36 **** Incremental Build of configuration Debug for project Question2 ****
Info: Internal Builder is used for build
g++ -O0 -g3 -Wall -c -fmessage-length=0 -o "src\\Question2.o" "..\\src\\Question2.cpp" 
g++ -o Question2.exe "src\\Question2.o" 
Info: Nothing to build for Question2
18:57:14 **** Incremental Build of configuration Debug for project Question2 ****
Info: Internal Builder is used for build
g++ -O0 -g3 -Wall -c -fmessage-length=0 -o "src\\Question2.o" "..\\src\\Question2.cpp" 
g++ -o Question2.exe "src\\Question2.o" 
Info: Nothing to build for Question2
18:58:03 **** Incremental Build of configuration Debug for project Question2 ****
Info: Internal Builder is used for build
g++ -O0 -g3 -Wall -c -fmessage-length=0 -o "src\\Question2.o" "..\\src\\Question2.cpp" 
g++ -o Question2.exe "src\\Question2.o" 
c:/mingw/bin/../lib/gcc/mingw32/6.3.0/../../../../mingw32/bin/ld.exe: cannot open output file Question2.exe: Permission denied
collect2.exe: error: ld returned 1 exit status
18:58:24 **** Incremental Build of configuration Debug for project Question2 ****
Info: Internal Builder is used for build
g++ -o Question2.exe "src\\Question2.o" 
Info: Nothing to build for Question2
21:34:08 **** Rebuild of configuration Debug for project Quesiton3cpp ****
Info: Internal Builder is used for build
g++ -O0 -g3 -Wall -c -fmessage-length=0 -o "src\\Quesiton3cpp.o" "..\\src\\Quesiton3cpp.cpp" 
..\src\Quesiton3cpp.cpp: In function 'int main()':
..\src\Quesiton3cpp.cpp:58:30: error: 'void ToolBooth::vehiclePayingToll(int, double)' is private within this context
    TB.vehiclePayingToll(1,180);
                              ^
..\src\Quesiton3cpp.cpp:20:7: note: declared private here
  void vehiclePayingToll(int vehicleType,double tollAmount){
       ^~~~~~~~~~~~~~~~~
..\src\Quesiton3cpp.cpp:62:30: error: 'void ToolBooth::vehiclePayingToll(int, double)' is private within this context
    TB.vehiclePayingToll(2,300);
                              ^
..\src\Quesiton3cpp.cpp:20:7: note: declared private here
  void vehiclePayingToll(int vehicleType,double tollAmount){
       ^~~~~~~~~~~~~~~~~
..\src\Quesiton3cpp.cpp:66:30: error: 'void ToolBooth::vehiclePayingToll(int, double)' is private within this context
    TB.vehiclePayingToll(3,350);
                              ^
..\src\Quesiton3cpp.cpp:20:7: note: declared private here
  void vehiclePayingToll(int vehicleType,double tollAmount){
       ^~~~~~~~~~~~~~~~~
..\src\Quesiton3cpp.cpp:70:24: error: 'int ToolBooth::getTotalVehicles() const' is private within this context
    TB.getTotalVehicles();
                        ^
..\src\Quesiton3cpp.cpp:33:6: note: declared private here
  int getTotalVehicles()const{
      ^~~~~~~~~~~~~~~~
..\src\Quesiton3cpp.cpp:74:23: error: 'double ToolBooth::getTotalRevenue() const' is private within this context
    TB.getTotalRevenue();
                       ^
..\src\Quesiton3cpp.cpp:37:9: note: declared private here
  double getTotalRevenue()const{
         ^~~~~~~~~~~~~~~
..\src\Quesiton3cpp.cpp:78:13: error: 'void ToolBooth::reset()' is private within this context
    TB.reset();
             ^
..\src\Quesiton3cpp.cpp:15:7: note: declared private here
  void reset(){
       ^~~~~
21:34:31 **** Incremental Build of configuration Debug for project Quesiton3cpp ****
Info: Internal Builder is used for build
g++ -O0 -g3 -Wall -c -fmessage-length=0 -o "src\\Quesiton3cpp.o" "..\\src\\Quesiton3cpp.cpp" 
g++ -o Quesiton3cpp.exe "src\\Quesiton3cpp.o" 
Info: Nothing to build for Quesiton3cpp
21:35:15 **** Incremental Build of configuration Debug for project Quesiton3cpp ****
Info: Internal Builder is used for build
g++ -O0 -g3 -Wall -c -fmessage-length=0 -o "src\\Quesiton3cpp.o" "..\\src\\Quesiton3cpp.cpp" 
g++ -o Quesiton3cpp.exe "src\\Quesiton3cpp.o" 
Info: Nothing to build for Quesiton3cpp
21:37:05 **** Incremental Build of configuration Debug for project Quesiton3cpp ****
Info: Internal Builder is used for build
g++ -O0 -g3 -Wall -c -fmessage-length=0 -o "src\\Quesiton3cpp.o" "..\\src\\Quesiton3cpp.cpp" 
..\src\Quesiton3cpp.cpp: In function 'int main()':
..\src\Quesiton3cpp.cpp:74:10: error: unable to find string literal operator 'operator""TB' with 'const char [17]', 'unsigned int' arguments
    cout<<"Total Revenue:<<"TB.getTotalRevenue();
          ^~~~~~~~~~~~~~~~~~~~
21:37:18 **** Incremental Build of configuration Debug for project Quesiton3cpp ****
Info: Internal Builder is used for build
g++ -O0 -g3 -Wall -c -fmessage-length=0 -o "src\\Quesiton3cpp.o" "..\\src\\Quesiton3cpp.cpp" 
g++ -o Quesiton3cpp.exe "src\\Quesiton3cpp.o" 
Info: Nothing to build for Quesiton3cpp
21:38:20 **** Incremental Build of configuration Debug for project Quesiton3cpp ****
Info: Internal Builder is used for build
g++ -O0 -g3 -Wall -c -fmessage-length=0 -o "src\\Quesiton3cpp.o" "..\\src\\Quesiton3cpp.cpp" 
g++ -o Quesiton3cpp.exe "src\\Quesiton3cpp.o" 
Info: Nothing to build for Quesiton3cpp
Info: Nothing to build for Quesiton3cpp
Info: Nothing to build for Quesiton3cpp
21:45:53 **** Incremental Build of configuration Debug for project Quesiton3cpp ****
Info: Internal Builder is used for build
g++ -O0 -g3 -Wall -c -fmessage-length=0 -o "src\\Quesiton3cpp.o" "..\\src\\Quesiton3cpp.cpp" 
g++ -o Quesiton3cpp.exe "src\\Quesiton3cpp.o" 
Info: Nothing to build for Quesiton3cpp
21:46:53 **** Incremental Build of configuration Debug for project Quesiton3cpp ****
Info: Internal Builder is used for build
g++ -O0 -g3 -Wall -c -fmessage-length=0 -o "src\\Quesiton3cpp.o" "..\\src\\Quesiton3cpp.cpp" 
g++ -o Quesiton3cpp.exe "src\\Quesiton3cpp.o" 
Info: Nothing to build for Quesiton3cpp
21:53:52 **** Incremental Build of configuration Debug for project Quesiton3cpp ****
Info: Internal Builder is used for build
g++ -O0 -g3 -Wall -c -fmessage-length=0 -o "src\\Quesiton3cpp.o" "..\\src\\Quesiton3cpp.cpp" 
g++ -o Quesiton3cpp.exe "src\\Quesiton3cpp.o" 
c:/mingw/bin/../lib/gcc/mingw32/6.3.0/../../../../mingw32/bin/ld.exe: cannot open output file Quesiton3cpp.exe: Permission denied
collect2.exe: error: ld returned 1 exit status
23:48:42 **** Rebuild of configuration Debug for project Question4 ****
Info: Internal Builder is used for build
g++ -O0 -g3 -Wall -c -fmessage-length=0 -o "src\\Question4.o" "..\\src\\Question4.cpp" 
..\src\Question4.cpp: In member function 'int Employee::getEmpName()':
..\src\Question4.cpp:29:10: error: cannot convert 'std::__cxx11::string {aka std::__cxx11::basic_string<char>}' to 'int' in return
   return empName;
          ^~~~~~~
..\src\Question4.cpp: In member function 'void Employee::displayEmployeeDetails(int, std::__cxx11::string, double)':
..\src\Question4.cpp:52:21: error: expected primary-expression before 'double'
   cout<<GrossSalary(double empSalary)<<endl;
                     ^~~~~~
..\src\Question4.cpp: In function 'int main()':
..\src\Question4.cpp:63:3: error: case label '1' not within a switch statement
   case 1:
   ^~~~
..\src\Question4.cpp:64:3: error: case label '2' not within a switch statement
   case 2:
   ^~~~
..\src\Question4.cpp:65:3: error: case label '3' not within a switch statement
   case 3:
   ^~~~
..\src\Question4.cpp:66:3: error: case label '4' not within a switch statement
   case 4:
   ^~~~
..\src\Question4.cpp:67:3: error: case label '5' not within a switch statement
   case 5:
   ^~~~
..\src\Question4.cpp:68:3: error: case label not within a switch statement
   default:
   ^~~~~~~
23:49:28 **** Incremental Build of configuration Debug for project Question4 ****
Info: Internal Builder is used for build
g++ -O0 -g3 -Wall -c -fmessage-length=0 -o "src\\Question4.o" "..\\src\\Question4.cpp" 
..\src\Question4.cpp: In member function 'void Employee::displayEmployeeDetails(int, std::__cxx11::string, double)':
..\src\Question4.cpp:52:21: error: expected primary-expression before 'double'
   cout<<GrossSalary(double empSalary)<<endl;
                     ^~~~~~
..\src\Question4.cpp: In function 'int main()':
..\src\Question4.cpp:63:3: error: case label '1' not within a switch statement
   case 1:
   ^~~~
..\src\Question4.cpp:64:3: error: case label '2' not within a switch statement
   case 2:
   ^~~~
..\src\Question4.cpp:65:3: error: case label '3' not within a switch statement
   case 3:
   ^~~~
..\src\Question4.cpp:66:3: error: case label '4' not within a switch statement
   case 4:
   ^~~~
..\src\Question4.cpp:67:3: error: case label '5' not within a switch statement
   case 5:
   ^~~~
..\src\Question4.cpp:68:3: error: case label not within a switch statement
   default:
   ^~~~~~~
00:07:16 **** Incremental Build of configuration Debug for project Quesiton3cpp ****
Info: Internal Builder is used for build
g++ -o Quesiton3cpp.exe "src\\Quesiton3cpp.o" 
00:07:17 **** Incremental Build of configuration Debug for project Question4 ****
Info: Internal Builder is used for build
g++ -O0 -g3 -Wall -c -fmessage-length=0 -o "src\\Question4.o" "..\\src\\Question4.cpp" 
..\src\Question4.cpp: In function 'int main()':
..\src\Question4.cpp:83:21: error: 'void Employee::setEmpID(int)' is private within this context
     E.setEmpID(empID);
                     ^
..\src\Question4.cpp:15:7: note: declared private here
  void setEmpID(int employeeID){
       ^~~~~~~~
..\src\Question4.cpp:84:25: error: 'void Employee::setempName(std::__cxx11::string)' is private within this context
     E.setempName(empName);
                         ^
..\src\Question4.cpp:18:7: note: declared private here
  void setempName(string employeeName){
       ^~~~~~~~~~
..\src\Question4.cpp:85:29: error: 'void Employee::setempSalary(double)' is private within this context
     E.setempSalary(empSalary);
                             ^
..\src\Question4.cpp:21:7: note: declared private here
  void setempSalary(double employeeSalary){
       ^~~~~~~~~~~~
..\src\Question4.cpp:92:28: error: 'double Employee::GrossSalary(double)' is private within this context
     E.GrossSalary(empSalary);
                            ^
..\src\Question4.cpp:34:9: note: declared private here
  double GrossSalary(double empSalary){
         ^~~~~~~~~~~
..\src\Question4.cpp:96:30: error: 'void Employee::displayEmployeeDetails()' is private within this context
     E.displayEmployeeDetails();
                              ^
..\src\Question4.cpp:47:8: note: declared private here
  void  displayEmployeeDetails(){
        ^~~~~~~~~~~~~~~~~~~~~~
..\src\Question4.cpp:106:39: error: 'void Employee::UpdateEmployee(std::__cxx11::string, double)' is private within this context
     E.UpdateEmployee(empName,empSalary);
                                       ^
..\src\Question4.cpp:55:7: note: declared private here
  void UpdateEmployee(string empName,double empSalary){
       ^~~~~~~~~~~~~~
Info: Nothing to build for Quesiton3cpp
00:07:46 **** Incremental Build of configuration Debug for project Question4 ****
Info: Internal Builder is used for build
g++ -O0 -g3 -Wall -c -fmessage-length=0 -o "src\\Question4.o" "..\\src\\Question4.cpp" 
g++ -o Question4.exe "src\\Question4.o" 
Info: Nothing to build for Quesiton3cpp
Info: Nothing to build for Question4
Info: Nothing to build for Question4
Info: Nothing to build for Question4
00:15:40 **** Incremental Build of configuration Debug for project Question4 ****
Info: Internal Builder is used for build
g++ -O0 -g3 -Wall -c -fmessage-length=0 -o "src\\Question4.o" "..\\src\\Question4.cpp" 
g++ -o Question4.exe "src\\Question4.o" 
Info: Nothing to build for Question4
00:17:00 **** Incremental Build of configuration Debug for project Question4 ****
Info: Internal Builder is used for build
g++ -O0 -g3 -Wall -c -fmessage-length=0 -o "src\\Question4.o" "..\\src\\Question4.cpp" 
g++ -o Question4.exe "src\\Question4.o" 
c:/mingw/bin/../lib/gcc/mingw32/6.3.0/../../../../mingw32/bin/ld.exe: cannot open output file Question4.exe: Permission denied
collect2.exe: error: ld returned 1 exit status
00:17:20 **** Incremental Build of configuration Debug for project Question4 ****
Info: Internal Builder is used for build
g++ -o Question4.exe "src\\Question4.o" 
Info: Nothing to build for Question4
00:18:48 **** Incremental Build of configuration Debug for project Question4 ****
Info: Internal Builder is used for build
g++ -O0 -g3 -Wall -c -fmessage-length=0 -o "src\\Question4.o" "..\\src\\Question4.cpp" 
g++ -o Question4.exe "src\\Question4.o" 
Info: Nothing to build for Question4
